2019-03-04 16:17:18 [http-nio-8080-exec-2] INFO :: HikariPool-8 - Starting...
2019-03-04 16:17:18 [http-nio-8080-exec-2] INFO :: HikariPool-8 - Start completed.
2019-03-04 16:17:18 [http-nio-8080-exec-2] INFO :: HikariPool-8 - Shutdown initiated...
2019-03-04 16:17:18 [http-nio-8080-exec-2] INFO :: HikariPool-8 - Shutdown completed.
2019-03-04 16:17:18 [http-nio-8080-exec-2] INFO :: HikariPool-9 - Starting...
2019-03-04 16:17:18 [http-nio-8080-exec-2] INFO :: HikariPool-9 - Start completed.
2019-03-04 16:17:18 [http-nio-8080-exec-2] INFO :: HikariPool-9 - Shutdown initiated...
2019-03-04 16:17:18 [http-nio-8080-exec-2] INFO :: HikariPool-9 - Shutdown completed.
2019-03-04 16:17:20 [http-nio-8080-exec-5] INFO :: HikariPool-10 - Starting...
2019-03-04 16:17:20 [http-nio-8080-exec-5] INFO :: HikariPool-10 - Start completed.
2019-03-04 16:17:20 [http-nio-8080-exec-5] INFO :: HikariPool-10 - Shutdown initiated...
2019-03-04 16:17:20 [http-nio-8080-exec-5] INFO :: HikariPool-10 - Shutdown completed.
2019-03-04 16:17:20 [http-nio-8080-exec-5] INFO :: HikariPool-11 - Starting...
2019-03-04 16:17:20 [http-nio-8080-exec-5] INFO :: HikariPool-11 - Start completed.
2019-03-04 16:17:20 [http-nio-8080-exec-5] INFO :: HikariPool-11 - Shutdown initiated...
2019-03-04 16:17:20 [http-nio-8080-exec-5] INFO :: HikariPool-11 - Shutdown completed.
2019-03-04 16:18:25 [http-nio-8080-exec-3] INFO :: HikariPool-12 - Starting...
2019-03-04 16:18:25 [http-nio-8080-exec-3] INFO :: HikariPool-12 - Start completed.
2019-03-04 16:18:25 [http-nio-8080-exec-3] INFO :: HikariPool-12 - Shutdown initiated...
2019-03-04 16:18:25 [http-nio-8080-exec-3] INFO :: HikariPool-12 - Shutdown completed.
2019-03-04 16:18:25 [http-nio-8080-exec-3] INFO :: HikariPool-13 - Starting...
2019-03-04 16:18:25 [http-nio-8080-exec-3] INFO :: HikariPool-13 - Start completed.
2019-03-04 16:18:25 [http-nio-8080-exec-3] INFO :: HikariPool-13 - Shutdown initiated...
2019-03-04 16:18:25 [http-nio-8080-exec-3] INFO :: HikariPool-13 - Shutdown completed.
2019-03-04 16:20:42 [http-nio-8080-exec-3] INFO :: HikariPool-1 - Starting...
2019-03-04 16:20:42 [http-nio-8080-exec-3] INFO :: HikariPool-1 - Start completed.
2019-03-04 16:20:42 [http-nio-8080-exec-3] INFO :: HikariPool-1 - Shutdown initiated...
2019-03-04 16:20:42 [http-nio-8080-exec-3] INFO :: HikariPool-1 - Shutdown completed.
2019-03-04 16:20:42 [http-nio-8080-exec-3] INFO :: HikariPool-2 - Starting...
2019-03-04 16:20:42 [http-nio-8080-exec-3] INFO :: HikariPool-2 - Start completed.
2019-03-04 16:20:42 [http-nio-8080-exec-3] INFO :: HikariPool-2 - Shutdown initiated...
2019-03-04 16:20:42 [http-nio-8080-exec-3] INFO :: HikariPool-2 - Shutdown completed.
2019-03-04 16:20:44 [http-nio-8080-exec-5] INFO :: HikariPool-3 - Starting...
2019-03-04 16:20:45 [http-nio-8080-exec-5] INFO :: HikariPool-3 - Start completed.
2019-03-04 16:20:45 [http-nio-8080-exec-5] INFO :: HikariPool-3 - Shutdown initiated...
2019-03-04 16:20:45 [http-nio-8080-exec-5] INFO :: HikariPool-3 - Shutdown completed.
2019-03-04 16:20:45 [http-nio-8080-exec-5] INFO :: HikariPool-4 - Starting...
2019-03-04 16:20:45 [http-nio-8080-exec-5] INFO :: HikariPool-4 - Start completed.
2019-03-04 16:20:45 [http-nio-8080-exec-5] INFO :: HikariPool-4 - Shutdown initiated...
2019-03-04 16:20:45 [http-nio-8080-exec-5] INFO :: HikariPool-4 - Shutdown completed.
2019-03-04 16:20:45 [http-nio-8080-exec-8] INFO :: HikariPool-5 - Starting...
2019-03-04 16:20:45 [http-nio-8080-exec-8] INFO :: HikariPool-5 - Start completed.
2019-03-04 16:20:45 [http-nio-8080-exec-8] INFO :: HikariPool-5 - Shutdown initiated...
2019-03-04 16:20:45 [http-nio-8080-exec-8] INFO :: HikariPool-5 - Shutdown completed.
2019-03-04 16:20:45 [http-nio-8080-exec-8] INFO :: HikariPool-6 - Starting...
2019-03-04 16:20:45 [http-nio-8080-exec-8] INFO :: HikariPool-6 - Start completed.
2019-03-04 16:20:45 [http-nio-8080-exec-8] INFO :: HikariPool-6 - Shutdown initiated...
2019-03-04 16:20:45 [http-nio-8080-exec-8] INFO :: HikariPool-6 - Shutdown completed.
2019-03-04 16:21:26 [http-nio-8080-exec-5] INFO :: HikariPool-7 - Starting...
2019-03-04 16:21:26 [http-nio-8080-exec-5] INFO :: HikariPool-7 - Start completed.
2019-03-04 16:21:26 [http-nio-8080-exec-5] INFO :: HikariPool-7 - Shutdown initiated...
2019-03-04 16:21:26 [http-nio-8080-exec-5] INFO :: HikariPool-7 - Shutdown completed.
2019-03-04 16:21:26 [http-nio-8080-exec-5] INFO :: HikariPool-8 - Starting...
2019-03-04 16:21:26 [http-nio-8080-exec-5] INFO :: HikariPool-8 - Start completed.
2019-03-04 16:21:26 [http-nio-8080-exec-5] INFO :: HikariPool-8 - Shutdown initiated...
2019-03-04 16:21:26 [http-nio-8080-exec-5] INFO :: HikariPool-8 - Shutdown completed.
2019-03-04 16:26:13 [http-nio-8080-exec-4] INFO :: HikariPool-1 - Starting...
2019-03-04 16:26:13 [http-nio-8080-exec-4] INFO :: HikariPool-1 - Start completed.
2019-03-04 16:26:13 [http-nio-8080-exec-4] INFO :: HikariPool-1 - Shutdown initiated...
2019-03-04 16:26:13 [http-nio-8080-exec-4] INFO :: HikariPool-1 - Shutdown completed.
2019-03-04 16:26:13 [http-nio-8080-exec-4] INFO :: HikariPool-2 - Starting...
2019-03-04 16:26:13 [http-nio-8080-exec-4] INFO :: HikariPool-2 - Start completed.
2019-03-04 16:26:13 [http-nio-8080-exec-4] INFO :: HikariPool-2 - Shutdown initiated...
2019-03-04 16:26:13 [http-nio-8080-exec-4] INFO :: HikariPool-2 - Shutdown completed.
2019-03-04 16:26:19 [http-nio-8080-exec-5] INFO :: HikariPool-3 - Starting...
2019-03-04 16:26:19 [http-nio-8080-exec-5] INFO :: HikariPool-3 - Start completed.
2019-03-04 16:26:19 [http-nio-8080-exec-5] INFO :: HikariPool-3 - Shutdown initiated...
2019-03-04 16:26:19 [http-nio-8080-exec-5] INFO :: HikariPool-3 - Shutdown completed.
2019-03-04 16:26:19 [http-nio-8080-exec-5] INFO :: HikariPool-4 - Starting...
2019-03-04 16:26:19 [http-nio-8080-exec-5] INFO :: HikariPool-4 - Start completed.
2019-03-04 16:26:19 [http-nio-8080-exec-5] INFO :: HikariPool-4 - Shutdown initiated...
2019-03-04 16:26:19 [http-nio-8080-exec-5] INFO :: HikariPool-4 - Shutdown completed.
2019-03-04 16:26:22 [http-nio-8080-exec-7] INFO :: HikariPool-5 - Starting...
2019-03-04 16:26:22 [http-nio-8080-exec-7] INFO :: HikariPool-5 - Start completed.
2019-03-04 16:26:22 [http-nio-8080-exec-7] INFO :: HikariPool-5 - Shutdown initiated...
2019-03-04 16:26:22 [http-nio-8080-exec-7] INFO :: HikariPool-5 - Shutdown completed.
2019-03-04 16:26:22 [http-nio-8080-exec-7] INFO :: HikariPool-6 - Starting...
2019-03-04 16:26:22 [http-nio-8080-exec-7] INFO :: HikariPool-6 - Start completed.
2019-03-04 16:26:22 [http-nio-8080-exec-7] INFO :: HikariPool-6 - Shutdown initiated...
2019-03-04 16:26:22 [http-nio-8080-exec-7] INFO :: HikariPool-6 - Shutdown completed.
2019-03-04 16:43:08 [http-nio-8080-exec-2] INFO :: HikariPool-1 - Starting...
2019-03-04 16:43:08 [http-nio-8080-exec-2] INFO :: HikariPool-1 - Start completed.
2019-03-04 16:43:08 [http-nio-8080-exec-2] INFO :: HikariPool-1 - Shutdown initiated...
2019-03-04 16:43:08 [http-nio-8080-exec-2] INFO :: HikariPool-1 - Shutdown completed.
2019-03-04 16:43:08 [http-nio-8080-exec-2] INFO :: HikariPool-2 - Starting...
2019-03-04 16:43:08 [http-nio-8080-exec-2] INFO :: HikariPool-2 - Start completed.
2019-03-04 16:43:08 [http-nio-8080-exec-2] INFO :: HikariPool-2 - Shutdown initiated...
2019-03-04 16:43:08 [http-nio-8080-exec-2] INFO :: HikariPool-2 - Shutdown completed.
2019-03-04 16:43:13 [http-nio-8080-exec-4] INFO :: HikariPool-3 - Starting...
2019-03-04 16:43:13 [http-nio-8080-exec-4] INFO :: HikariPool-3 - Start completed.
2019-03-04 16:43:13 [http-nio-8080-exec-4] INFO :: HikariPool-3 - Shutdown initiated...
2019-03-04 16:43:13 [http-nio-8080-exec-4] INFO :: HikariPool-3 - Shutdown completed.
2019-03-04 16:43:14 [http-nio-8080-exec-5] INFO :: HikariPool-4 - Starting...
2019-03-04 16:43:14 [http-nio-8080-exec-5] INFO :: HikariPool-4 - Start completed.
2019-03-04 16:43:14 [http-nio-8080-exec-5] INFO :: HikariPool-4 - Shutdown initiated...
2019-03-04 16:43:14 [http-nio-8080-exec-5] INFO :: HikariPool-4 - Shutdown completed.
2019-03-04 16:43:14 [http-nio-8080-exec-5] INFO :: HikariPool-5 - Starting...
2019-03-04 16:43:14 [http-nio-8080-exec-5] INFO :: HikariPool-5 - Start completed.
2019-03-04 16:43:14 [http-nio-8080-exec-5] INFO :: HikariPool-5 - Shutdown initiated...
2019-03-04 16:43:14 [http-nio-8080-exec-5] INFO :: HikariPool-5 - Shutdown completed.
2019-03-04 16:43:17 [http-nio-8080-exec-6] INFO :: HikariPool-6 - Starting...
2019-03-04 16:43:17 [http-nio-8080-exec-6] INFO :: HikariPool-6 - Start completed.
2019-03-04 16:43:17 [http-nio-8080-exec-6] INFO :: HikariPool-6 - Shutdown initiated...
2019-03-04 16:43:17 [http-nio-8080-exec-6] INFO :: HikariPool-6 - Shutdown completed.
2019-03-04 16:43:17 [http-nio-8080-exec-6] INFO :: HikariPool-7 - Starting...
2019-03-04 16:43:17 [http-nio-8080-exec-6] INFO :: HikariPool-7 - Start completed.
2019-03-04 16:43:17 [http-nio-8080-exec-6] INFO :: HikariPool-7 - Shutdown initiated...
2019-03-04 16:43:17 [http-nio-8080-exec-6] INFO :: HikariPool-7 - Shutdown completed.
2019-03-04 16:43:23 [http-nio-8080-exec-9] INFO :: HikariPool-8 - Starting...
2019-03-04 16:43:23 [http-nio-8080-exec-9] INFO :: HikariPool-8 - Start completed.
2019-03-04 16:43:23 [http-nio-8080-exec-9] INFO :: HikariPool-8 - Shutdown initiated...
2019-03-04 16:43:23 [http-nio-8080-exec-9] INFO :: HikariPool-8 - Shutdown completed.
2019-03-04 16:43:23 [http-nio-8080-exec-9] INFO :: HikariPool-9 - Starting...
2019-03-04 16:43:23 [http-nio-8080-exec-9] INFO :: HikariPool-9 - Start completed.
2019-03-04 16:43:23 [http-nio-8080-exec-9] INFO :: HikariPool-9 - Shutdown initiated...
2019-03-04 16:43:23 [http-nio-8080-exec-9] INFO :: HikariPool-9 - Shutdown completed.
2019-03-04 16:43:25 [http-nio-8080-exec-3] INFO :: HikariPool-10 - Starting...
2019-03-04 16:43:25 [http-nio-8080-exec-3] INFO :: HikariPool-10 - Start completed.
2019-03-04 16:43:25 [http-nio-8080-exec-3] INFO :: HikariPool-10 - Shutdown initiated...
2019-03-04 16:43:25 [http-nio-8080-exec-3] INFO :: HikariPool-10 - Shutdown completed.
2019-03-04 16:43:25 [http-nio-8080-exec-3] INFO :: HikariPool-11 - Starting...
2019-03-04 16:43:25 [http-nio-8080-exec-3] INFO :: HikariPool-11 - Start completed.
2019-03-04 16:43:25 [http-nio-8080-exec-3] INFO :: HikariPool-11 - Shutdown initiated...
2019-03-04 16:43:25 [http-nio-8080-exec-3] INFO :: HikariPool-11 - Shutdown completed.
2019-03-04 17:10:18 [http-nio-8080-exec-2] INFO :: HikariPool-1 - Starting...
2019-03-04 17:10:18 [http-nio-8080-exec-2] INFO :: HikariPool-1 - Start completed.
2019-03-04 17:10:18 [http-nio-8080-exec-2] INFO :: HikariPool-1 - Shutdown initiated...
2019-03-04 17:10:18 [http-nio-8080-exec-2] INFO :: HikariPool-1 - Shutdown completed.
2019-03-04 17:10:18 [http-nio-8080-exec-2] INFO :: HikariPool-2 - Starting...
2019-03-04 17:10:18 [http-nio-8080-exec-2] INFO :: HikariPool-2 - Start completed.
2019-03-04 17:10:18 [http-nio-8080-exec-2] INFO :: HikariPool-2 - Shutdown initiated...
2019-03-04 17:10:18 [http-nio-8080-exec-2] INFO :: HikariPool-2 - Shutdown completed.
2019-03-04 17:10:20 [http-nio-8080-exec-5] INFO :: HikariPool-3 - Starting...
2019-03-04 17:10:20 [http-nio-8080-exec-5] INFO :: HikariPool-3 - Start completed.
2019-03-04 17:10:20 [http-nio-8080-exec-5] INFO :: HikariPool-3 - Shutdown initiated...
2019-03-04 17:10:20 [http-nio-8080-exec-5] INFO :: HikariPool-3 - Shutdown completed.
2019-03-04 17:10:20 [http-nio-8080-exec-5] INFO :: HikariPool-4 - Starting...
2019-03-04 17:10:20 [http-nio-8080-exec-5] INFO :: HikariPool-4 - Start completed.
2019-03-04 17:10:20 [http-nio-8080-exec-5] INFO :: HikariPool-4 - Shutdown initiated...
2019-03-04 17:10:20 [http-nio-8080-exec-5] INFO :: HikariPool-4 - Shutdown completed.
2019-03-04 17:10:21 [http-nio-8080-exec-6] INFO :: HikariPool-5 - Starting...
2019-03-04 17:10:21 [http-nio-8080-exec-6] INFO :: HikariPool-5 - Start completed.
2019-03-04 17:10:21 [http-nio-8080-exec-6] INFO :: HikariPool-5 - Shutdown initiated...
2019-03-04 17:10:21 [http-nio-8080-exec-6] INFO :: HikariPool-5 - Shutdown completed.
2019-03-04 17:10:21 [http-nio-8080-exec-6] INFO :: HikariPool-6 - Starting...
2019-03-04 17:10:21 [http-nio-8080-exec-6] INFO :: HikariPool-6 - Start completed.
2019-03-04 17:10:21 [http-nio-8080-exec-6] INFO :: HikariPool-6 - Shutdown initiated...
2019-03-04 17:10:21 [http-nio-8080-exec-6] INFO :: HikariPool-6 - Shutdown completed.
2019-03-04 17:10:22 [http-nio-8080-exec-8] INFO :: HikariPool-7 - Starting...
2019-03-04 17:10:22 [http-nio-8080-exec-8] INFO :: HikariPool-7 - Start completed.
2019-03-04 17:10:22 [http-nio-8080-exec-8] INFO :: HikariPool-7 - Shutdown initiated...
2019-03-04 17:10:22 [http-nio-8080-exec-8] INFO :: HikariPool-7 - Shutdown completed.
2019-03-04 17:10:22 [http-nio-8080-exec-8] INFO :: HikariPool-8 - Starting...
2019-03-04 17:10:22 [http-nio-8080-exec-8] INFO :: HikariPool-8 - Start completed.
2019-03-04 17:10:22 [http-nio-8080-exec-8] INFO :: HikariPool-8 - Shutdown initiated...
2019-03-04 17:10:22 [http-nio-8080-exec-8] INFO :: HikariPool-8 - Shutdown completed.
2019-03-04 17:10:26 [http-nio-8080-exec-1] INFO :: HikariPool-9 - Starting...
2019-03-04 17:10:26 [http-nio-8080-exec-1] INFO :: HikariPool-9 - Start completed.
2019-03-04 17:10:26 [http-nio-8080-exec-1] INFO :: HikariPool-9 - Shutdown initiated...
2019-03-04 17:10:26 [http-nio-8080-exec-1] INFO :: HikariPool-9 - Shutdown completed.
2019-03-04 17:10:26 [http-nio-8080-exec-1] INFO :: HikariPool-10 - Starting...
2019-03-04 17:10:26 [http-nio-8080-exec-1] INFO :: HikariPool-10 - Start completed.
2019-03-04 17:10:26 [http-nio-8080-exec-1] INFO :: HikariPool-10 - Shutdown initiated...
2019-03-04 17:10:26 [http-nio-8080-exec-1] INFO :: HikariPool-10 - Shutdown completed.
2019-03-04 17:10:26 [http-nio-8080-exec-1] INFO :: HikariPool-11 - Starting...
2019-03-04 17:10:26 [http-nio-8080-exec-1] INFO :: HikariPool-11 - Start completed.
2019-03-04 17:10:26 [http-nio-8080-exec-1] INFO :: HikariPool-11 - Shutdown initiated...
2019-03-04 17:10:26 [http-nio-8080-exec-1] INFO :: HikariPool-11 - Shutdown completed.
2019-03-04 17:11:56 [http-nio-8080-exec-6] INFO :: HikariPool-12 - Starting...
2019-03-04 17:11:56 [http-nio-8080-exec-6] INFO :: HikariPool-12 - Start completed.
2019-03-04 17:11:56 [http-nio-8080-exec-6] INFO :: HikariPool-12 - Shutdown initiated...
2019-03-04 17:11:56 [http-nio-8080-exec-6] INFO :: HikariPool-12 - Shutdown completed.
2019-03-04 17:11:56 [http-nio-8080-exec-6] INFO :: HikariPool-13 - Starting...
2019-03-04 17:11:56 [http-nio-8080-exec-6] INFO :: HikariPool-13 - Start completed.
2019-03-04 17:11:56 [http-nio-8080-exec-6] INFO :: HikariPool-13 - Shutdown initiated...
2019-03-04 17:11:56 [http-nio-8080-exec-6] INFO :: HikariPool-13 - Shutdown completed.
2019-03-04 17:11:57 [http-nio-8080-exec-8] INFO :: HikariPool-14 - Starting...
2019-03-04 17:11:57 [http-nio-8080-exec-8] INFO :: HikariPool-14 - Start completed.
2019-03-04 17:11:57 [http-nio-8080-exec-8] INFO :: HikariPool-14 - Shutdown initiated...
2019-03-04 17:11:57 [http-nio-8080-exec-8] INFO :: HikariPool-14 - Shutdown completed.
2019-03-04 17:11:57 [http-nio-8080-exec-9] INFO :: HikariPool-15 - Starting...
2019-03-04 17:11:57 [http-nio-8080-exec-9] INFO :: HikariPool-15 - Start completed.
2019-03-04 17:11:57 [http-nio-8080-exec-9] INFO :: HikariPool-15 - Shutdown initiated...
2019-03-04 17:11:57 [http-nio-8080-exec-9] INFO :: HikariPool-15 - Shutdown completed.
2019-03-04 17:11:57 [http-nio-8080-exec-9] INFO :: HikariPool-16 - Starting...
2019-03-04 17:11:57 [http-nio-8080-exec-9] INFO :: HikariPool-16 - Start completed.
2019-03-04 17:11:57 [http-nio-8080-exec-9] INFO :: HikariPool-16 - Shutdown initiated...
2019-03-04 17:11:57 [http-nio-8080-exec-9] INFO :: HikariPool-16 - Shutdown completed.
2019-03-04 17:15:50 [http-nio-8080-exec-2] INFO :: HikariPool-17 - Starting...
2019-03-04 17:15:50 [http-nio-8080-exec-2] INFO :: HikariPool-17 - Start completed.
2019-03-04 17:15:50 [http-nio-8080-exec-2] INFO :: HikariPool-17 - Shutdown initiated...
2019-03-04 17:15:50 [http-nio-8080-exec-2] INFO :: HikariPool-17 - Shutdown completed.
2019-03-04 17:15:50 [http-nio-8080-exec-2] INFO :: HikariPool-18 - Starting...
2019-03-04 17:15:50 [http-nio-8080-exec-2] INFO :: HikariPool-18 - Start completed.
2019-03-04 17:15:50 [http-nio-8080-exec-2] INFO :: HikariPool-18 - Shutdown initiated...
2019-03-04 17:15:50 [http-nio-8080-exec-2] INFO :: HikariPool-18 - Shutdown completed.
2019-03-04 17:15:54 [http-nio-8080-exec-7] INFO :: HikariPool-19 - Starting...
2019-03-04 17:15:54 [http-nio-8080-exec-7] INFO :: HikariPool-19 - Start completed.
2019-03-04 17:15:54 [http-nio-8080-exec-7] INFO :: HikariPool-19 - Shutdown initiated...
2019-03-04 17:15:54 [http-nio-8080-exec-7] INFO :: HikariPool-19 - Shutdown completed.
2019-03-04 17:15:54 [http-nio-8080-exec-7] INFO :: HikariPool-20 - Starting...
2019-03-04 17:15:54 [http-nio-8080-exec-7] INFO :: HikariPool-20 - Start completed.
2019-03-04 17:15:54 [http-nio-8080-exec-7] INFO :: HikariPool-20 - Shutdown initiated...
2019-03-04 17:15:54 [http-nio-8080-exec-7] INFO :: HikariPool-20 - Shutdown completed.
2019-03-04 17:15:54 [http-nio-8080-exec-7] INFO :: HikariPool-21 - Starting...
2019-03-04 17:15:54 [http-nio-8080-exec-7] INFO :: HikariPool-21 - Start completed.
2019-03-04 17:15:54 [http-nio-8080-exec-7] INFO :: HikariPool-21 - Shutdown initiated...
2019-03-04 17:15:54 [http-nio-8080-exec-7] INFO :: HikariPool-21 - Shutdown completed.
2019-03-04 17:16:02 [http-nio-8080-exec-10] INFO :: HikariPool-22 - Starting...
2019-03-04 17:16:02 [http-nio-8080-exec-10] INFO :: HikariPool-22 - Start completed.
2019-03-04 17:16:02 [http-nio-8080-exec-10] INFO :: HikariPool-22 - Shutdown initiated...
2019-03-04 17:16:02 [http-nio-8080-exec-10] INFO :: HikariPool-22 - Shutdown completed.
2019-03-04 17:16:02 [http-nio-8080-exec-10] INFO :: HikariPool-23 - Starting...
2019-03-04 17:16:02 [http-nio-8080-exec-10] INFO :: HikariPool-23 - Start completed.
2019-03-04 17:16:02 [http-nio-8080-exec-10] INFO :: HikariPool-23 - Shutdown initiated...
2019-03-04 17:16:02 [http-nio-8080-exec-10] INFO :: HikariPool-23 - Shutdown completed.
2019-03-04 17:16:02 [http-nio-8080-exec-10] INFO :: HikariPool-24 - Starting...
2019-03-04 17:16:02 [http-nio-8080-exec-10] INFO :: HikariPool-24 - Start completed.
2019-03-04 17:16:02 [http-nio-8080-exec-10] INFO :: HikariPool-24 - Shutdown initiated...
2019-03-04 17:16:02 [http-nio-8080-exec-10] INFO :: HikariPool-24 - Shutdown completed.
2019-03-04 17:16:02 [http-nio-8080-exec-10] INFO :: HikariPool-25 - Starting...
2019-03-04 17:16:02 [http-nio-8080-exec-10] INFO :: HikariPool-25 - Start completed.
2019-03-04 17:16:02 [http-nio-8080-exec-10] INFO :: HikariPool-25 - Shutdown initiated...
2019-03-04 17:16:02 [http-nio-8080-exec-10] INFO :: HikariPool-25 - Shutdown completed.
2019-03-04 17:16:02 [http-nio-8080-exec-10] INFO :: HikariPool-26 - Starting...
2019-03-04 17:16:02 [http-nio-8080-exec-10] INFO :: HikariPool-26 - Start completed.
2019-03-04 17:16:02 [http-nio-8080-exec-10] INFO :: HikariPool-26 - Shutdown initiated...
2019-03-04 17:16:02 [http-nio-8080-exec-10] INFO :: HikariPool-26 - Shutdown completed.
2019-03-04 17:57:51 [http-nio-8080-exec-2] INFO :: HikariPool-1 - Starting...
2019-03-04 17:57:51 [http-nio-8080-exec-2] INFO :: HikariPool-1 - Start completed.
2019-03-04 17:57:51 [http-nio-8080-exec-2] INFO :: HikariPool-1 - Shutdown initiated...
2019-03-04 17:57:51 [http-nio-8080-exec-2] INFO :: HikariPool-1 - Shutdown completed.
2019-03-04 17:57:51 [http-nio-8080-exec-2] INFO :: HikariPool-2 - Starting...
2019-03-04 17:57:51 [http-nio-8080-exec-2] INFO :: HikariPool-2 - Start completed.
2019-03-04 17:57:51 [http-nio-8080-exec-2] INFO :: HikariPool-2 - Shutdown initiated...
2019-03-04 17:57:51 [http-nio-8080-exec-2] INFO :: HikariPool-2 - Shutdown completed.
2019-03-04 17:57:51 [http-nio-8080-exec-2] INFO :: HikariPool-3 - Starting...
2019-03-04 17:57:51 [http-nio-8080-exec-2] INFO :: HikariPool-3 - Start completed.
2019-03-04 17:57:51 [http-nio-8080-exec-2] INFO :: HikariPool-3 - Shutdown initiated...
2019-03-04 17:57:51 [http-nio-8080-exec-2] INFO :: HikariPool-3 - Shutdown completed.
2019-03-04 17:57:51 [http-nio-8080-exec-2] INFO :: HikariPool-4 - Starting...
2019-03-04 17:57:51 [http-nio-8080-exec-2] INFO :: HikariPool-4 - Start completed.
2019-03-04 17:57:51 [http-nio-8080-exec-2] INFO :: HikariPool-4 - Shutdown initiated...
2019-03-04 17:57:51 [http-nio-8080-exec-2] INFO :: HikariPool-4 - Shutdown completed.
2019-03-04 17:57:51 [http-nio-8080-exec-2] INFO :: HikariPool-5 - Starting...
2019-03-04 17:57:51 [http-nio-8080-exec-2] INFO :: HikariPool-5 - Start completed.
2019-03-04 17:57:51 [http-nio-8080-exec-2] INFO :: HikariPool-5 - Shutdown initiated...
2019-03-04 17:57:51 [http-nio-8080-exec-2] INFO :: HikariPool-5 - Shutdown completed.
2019-03-04 17:57:52 [http-nio-8080-exec-5] INFO :: HikariPool-6 - Starting...
2019-03-04 17:57:52 [http-nio-8080-exec-5] INFO :: HikariPool-6 - Start completed.
2019-03-04 17:57:52 [http-nio-8080-exec-5] INFO :: HikariPool-6 - Shutdown initiated...
2019-03-04 17:57:52 [http-nio-8080-exec-5] INFO :: HikariPool-6 - Shutdown completed.
2019-03-04 17:57:53 [http-nio-8080-exec-6] INFO :: HikariPool-7 - Starting...
2019-03-04 17:57:53 [http-nio-8080-exec-6] INFO :: HikariPool-7 - Start completed.
2019-03-04 17:57:53 [http-nio-8080-exec-6] INFO :: HikariPool-7 - Shutdown initiated...
2019-03-04 17:57:53 [http-nio-8080-exec-6] INFO :: HikariPool-7 - Shutdown completed.
2019-03-04 17:57:53 [http-nio-8080-exec-6] INFO :: HikariPool-8 - Starting...
2019-03-04 17:57:53 [http-nio-8080-exec-6] INFO :: HikariPool-8 - Start completed.
2019-03-04 17:57:53 [http-nio-8080-exec-6] INFO :: HikariPool-8 - Shutdown initiated...
2019-03-04 17:57:53 [http-nio-8080-exec-6] INFO :: HikariPool-8 - Shutdown completed.
2019-03-04 21:01:01 [http-nio-8080-exec-2] INFO :: HikariPool-1 - Starting...
2019-03-04 21:01:02 [http-nio-8080-exec-2] INFO :: HikariPool-1 - Start completed.
2019-03-04 21:01:02 [http-nio-8080-exec-2] INFO :: HikariPool-1 - Shutdown initiated...
2019-03-04 21:01:02 [http-nio-8080-exec-2] INFO :: HikariPool-1 - Shutdown completed.
2019-03-04 21:01:02 [http-nio-8080-exec-2] INFO :: HikariPool-2 - Starting...
2019-03-04 21:01:02 [http-nio-8080-exec-2] INFO :: HikariPool-2 - Start completed.
2019-03-04 21:01:02 [http-nio-8080-exec-2] INFO :: HikariPool-2 - Shutdown initiated...
2019-03-04 21:01:02 [http-nio-8080-exec-2] INFO :: HikariPool-2 - Shutdown completed.
2019-03-04 21:01:03 [http-nio-8080-exec-4] INFO :: HikariPool-3 - Starting...
2019-03-04 21:01:03 [http-nio-8080-exec-4] INFO :: HikariPool-3 - Start completed.
2019-03-04 21:01:03 [http-nio-8080-exec-4] INFO :: HikariPool-3 - Shutdown initiated...
2019-03-04 21:01:03 [http-nio-8080-exec-4] INFO :: HikariPool-3 - Shutdown completed.
2019-03-04 21:01:06 [http-nio-8080-exec-5] INFO :: HikariPool-4 - Starting...
2019-03-04 21:01:06 [http-nio-8080-exec-5] INFO :: HikariPool-4 - Start completed.
2019-03-04 21:01:06 [http-nio-8080-exec-5] INFO :: HikariPool-4 - Shutdown initiated...
2019-03-04 21:01:06 [http-nio-8080-exec-5] INFO :: HikariPool-4 - Shutdown completed.
2019-03-04 21:01:06 [http-nio-8080-exec-5] INFO :: HikariPool-5 - Starting...
2019-03-04 21:01:06 [http-nio-8080-exec-5] INFO :: HikariPool-5 - Start completed.
2019-03-04 21:01:06 [http-nio-8080-exec-5] INFO :: HikariPool-5 - Shutdown initiated...
2019-03-04 21:01:06 [http-nio-8080-exec-5] INFO :: HikariPool-5 - Shutdown completed.
2019-03-04 21:01:14 [http-nio-8080-exec-8] INFO :: HikariPool-6 - Starting...
2019-03-04 21:01:14 [http-nio-8080-exec-8] INFO :: HikariPool-6 - Start completed.
2019-03-04 21:01:14 [http-nio-8080-exec-8] INFO :: HikariPool-6 - Shutdown initiated...
2019-03-04 21:01:14 [http-nio-8080-exec-8] INFO :: HikariPool-6 - Shutdown completed.
2019-03-04 21:01:14 [http-nio-8080-exec-8] INFO :: HikariPool-7 - Starting...
2019-03-04 21:01:14 [http-nio-8080-exec-8] INFO :: HikariPool-7 - Start completed.
2019-03-04 21:01:14 [http-nio-8080-exec-8] INFO :: HikariPool-7 - Shutdown initiated...
2019-03-04 21:01:14 [http-nio-8080-exec-8] INFO :: HikariPool-7 - Shutdown completed.
2019-03-04 21:01:17 [http-nio-8080-exec-9] INFO :: HikariPool-8 - Starting...
2019-03-04 21:01:17 [http-nio-8080-exec-9] INFO :: HikariPool-8 - Start completed.
2019-03-04 21:01:17 [http-nio-8080-exec-9] INFO :: HikariPool-8 - Shutdown initiated...
2019-03-04 21:01:17 [http-nio-8080-exec-9] INFO :: HikariPool-8 - Shutdown completed.
2019-03-04 21:01:17 [http-nio-8080-exec-9] INFO :: HikariPool-9 - Starting...
2019-03-04 21:01:17 [http-nio-8080-exec-9] INFO :: HikariPool-9 - Start completed.
2019-03-04 21:01:17 [http-nio-8080-exec-9] INFO :: HikariPool-9 - Shutdown initiated...
2019-03-04 21:01:17 [http-nio-8080-exec-9] INFO :: HikariPool-9 - Shutdown completed.
2019-03-04 21:01:35 [http-nio-8080-exec-4] INFO :: HikariPool-10 - Starting...
2019-03-04 21:01:35 [http-nio-8080-exec-4] INFO :: HikariPool-10 - Start completed.
2019-03-04 21:01:35 [http-nio-8080-exec-4] INFO :: HikariPool-10 - Shutdown initiated...
2019-03-04 21:01:35 [http-nio-8080-exec-4] INFO :: HikariPool-10 - Shutdown completed.
2019-03-04 21:01:35 [http-nio-8080-exec-4] INFO :: HikariPool-11 - Starting...
2019-03-04 21:01:35 [http-nio-8080-exec-4] INFO :: HikariPool-11 - Start completed.
2019-03-04 21:01:35 [http-nio-8080-exec-4] INFO :: HikariPool-11 - Shutdown initiated...
2019-03-04 21:01:35 [http-nio-8080-exec-4] INFO :: HikariPool-11 - Shutdown completed.
2019-03-04 21:01:39 [http-nio-8080-exec-6] INFO :: HikariPool-12 - Starting...
2019-03-04 21:01:39 [http-nio-8080-exec-6] INFO :: HikariPool-12 - Start completed.
2019-03-04 21:01:39 [http-nio-8080-exec-6] INFO :: HikariPool-12 - Shutdown initiated...
2019-03-04 21:01:39 [http-nio-8080-exec-6] INFO :: HikariPool-12 - Shutdown completed.
2019-03-04 21:02:11 [http-nio-8080-exec-2] INFO :: HikariPool-1 - Starting...
2019-03-04 21:02:11 [http-nio-8080-exec-2] INFO :: HikariPool-1 - Start completed.
2019-03-04 21:02:11 [http-nio-8080-exec-2] INFO :: HikariPool-1 - Shutdown initiated...
2019-03-04 21:02:11 [http-nio-8080-exec-2] INFO :: HikariPool-1 - Shutdown completed.
2019-03-04 21:02:11 [http-nio-8080-exec-2] INFO :: HikariPool-2 - Starting...
2019-03-04 21:02:11 [http-nio-8080-exec-2] INFO :: HikariPool-2 - Start completed.
2019-03-04 21:02:11 [http-nio-8080-exec-2] INFO :: HikariPool-2 - Shutdown initiated...
2019-03-04 21:02:11 [http-nio-8080-exec-2] INFO :: HikariPool-2 - Shutdown completed.
2019-03-04 21:02:17 [http-nio-8080-exec-4] INFO :: HikariPool-3 - Starting...
2019-03-04 21:02:17 [http-nio-8080-exec-4] INFO :: HikariPool-3 - Start completed.
2019-03-04 21:02:17 [http-nio-8080-exec-4] INFO :: HikariPool-3 - Shutdown initiated...
2019-03-04 21:02:17 [http-nio-8080-exec-4] INFO :: HikariPool-3 - Shutdown completed.
2019-03-04 21:03:05 [http-nio-8080-exec-4] INFO :: HikariPool-1 - Starting...
2019-03-04 21:03:06 [http-nio-8080-exec-4] INFO :: HikariPool-1 - Start completed.
2019-03-04 21:03:06 [http-nio-8080-exec-4] INFO :: HikariPool-1 - Shutdown initiated...
2019-03-04 21:03:06 [http-nio-8080-exec-4] INFO :: HikariPool-1 - Shutdown completed.
2019-03-04 21:03:06 [http-nio-8080-exec-4] INFO :: HikariPool-2 - Starting...
2019-03-04 21:03:06 [http-nio-8080-exec-4] INFO :: HikariPool-2 - Start completed.
2019-03-04 21:03:06 [http-nio-8080-exec-4] INFO :: HikariPool-2 - Shutdown initiated...
2019-03-04 21:03:06 [http-nio-8080-exec-4] INFO :: HikariPool-2 - Shutdown completed.
2019-03-04 21:03:09 [http-nio-8080-exec-6] INFO :: HikariPool-3 - Starting...
2019-03-04 21:03:09 [http-nio-8080-exec-6] INFO :: HikariPool-3 - Start completed.
2019-03-04 21:03:09 [http-nio-8080-exec-6] INFO :: HikariPool-3 - Shutdown initiated...
2019-03-04 21:03:09 [http-nio-8080-exec-6] INFO :: HikariPool-3 - Shutdown completed.
2019-03-04 21:03:09 [http-nio-8080-exec-6] INFO :: HikariPool-4 - Starting...
2019-03-04 21:03:09 [http-nio-8080-exec-6] INFO :: HikariPool-4 - Start completed.
2019-03-04 21:03:09 [http-nio-8080-exec-6] INFO :: HikariPool-4 - Shutdown initiated...
2019-03-04 21:03:09 [http-nio-8080-exec-6] INFO :: HikariPool-4 - Shutdown completed.
2019-03-04 21:03:11 [http-nio-8080-exec-8] INFO :: HikariPool-5 - Starting...
2019-03-04 21:03:11 [http-nio-8080-exec-8] INFO :: HikariPool-5 - Start completed.
2019-03-04 21:03:11 [http-nio-8080-exec-8] INFO :: HikariPool-5 - Shutdown initiated...
2019-03-04 21:03:11 [http-nio-8080-exec-8] INFO :: HikariPool-5 - Shutdown completed.
2019-03-04 21:03:11 [http-nio-8080-exec-8] INFO :: HikariPool-6 - Starting...
2019-03-04 21:03:11 [http-nio-8080-exec-8] INFO :: HikariPool-6 - Start completed.
2019-03-04 21:03:11 [http-nio-8080-exec-8] INFO :: HikariPool-6 - Shutdown initiated...
2019-03-04 21:03:11 [http-nio-8080-exec-8] INFO :: HikariPool-6 - Shutdown completed.
2019-03-04 21:03:26 [http-nio-8080-exec-2] INFO :: HikariPool-7 - Starting...
2019-03-04 21:03:26 [http-nio-8080-exec-2] INFO :: HikariPool-7 - Start completed.
2019-03-04 21:03:26 [http-nio-8080-exec-2] INFO :: HikariPool-7 - Shutdown initiated...
2019-03-04 21:03:26 [http-nio-8080-exec-2] INFO :: HikariPool-7 - Shutdown completed.
2019-03-04 21:03:26 [http-nio-8080-exec-2] INFO :: HikariPool-8 - Starting...
2019-03-04 21:03:26 [http-nio-8080-exec-2] INFO :: HikariPool-8 - Start completed.
2019-03-04 21:03:26 [http-nio-8080-exec-2] INFO :: HikariPool-8 - Shutdown initiated...
2019-03-04 21:03:26 [http-nio-8080-exec-2] INFO :: HikariPool-8 - Shutdown completed.
2019-03-04 21:03:35 [http-nio-8080-exec-5] INFO :: HikariPool-9 - Starting...
2019-03-04 21:03:35 [http-nio-8080-exec-5] INFO :: HikariPool-9 - Start completed.
2019-03-04 21:03:35 [http-nio-8080-exec-5] INFO :: HikariPool-9 - Shutdown initiated...
2019-03-04 21:03:35 [http-nio-8080-exec-5] INFO :: HikariPool-9 - Shutdown completed.
2019-03-04 21:03:35 [http-nio-8080-exec-5] INFO :: HikariPool-10 - Starting...
2019-03-04 21:03:35 [http-nio-8080-exec-5] INFO :: HikariPool-10 - Start completed.
2019-03-04 21:03:35 [http-nio-8080-exec-5] INFO :: HikariPool-10 - Shutdown initiated...
2019-03-04 21:03:35 [http-nio-8080-exec-5] INFO :: HikariPool-10 - Shutdown completed.
2019-03-04 21:03:38 [http-nio-8080-exec-7] INFO :: HikariPool-11 - Starting...
2019-03-04 21:03:38 [http-nio-8080-exec-7] INFO :: HikariPool-11 - Start completed.
2019-03-04 21:03:38 [http-nio-8080-exec-7] INFO :: HikariPool-11 - Shutdown initiated...
2019-03-04 21:03:38 [http-nio-8080-exec-7] INFO :: HikariPool-11 - Shutdown completed.
2019-03-04 21:03:38 [http-nio-8080-exec-7] INFO :: HikariPool-12 - Starting...
2019-03-04 21:03:38 [http-nio-8080-exec-7] INFO :: HikariPool-12 - Start completed.
2019-03-04 21:03:38 [http-nio-8080-exec-7] INFO :: HikariPool-12 - Shutdown initiated...
2019-03-04 21:03:38 [http-nio-8080-exec-7] INFO :: HikariPool-12 - Shutdown completed.
2019-03-04 21:04:27 [http-nio-8080-exec-1] INFO :: HikariPool-13 - Starting...
2019-03-04 21:04:27 [http-nio-8080-exec-1] INFO :: HikariPool-13 - Start completed.
2019-03-04 21:04:27 [http-nio-8080-exec-1] INFO :: HikariPool-13 - Shutdown initiated...
2019-03-04 21:04:27 [http-nio-8080-exec-1] INFO :: HikariPool-13 - Shutdown completed.
2019-03-04 21:04:27 [http-nio-8080-exec-1] INFO :: HikariPool-14 - Starting...
2019-03-04 21:04:27 [http-nio-8080-exec-1] INFO :: HikariPool-14 - Start completed.
2019-03-04 21:04:27 [http-nio-8080-exec-1] INFO :: HikariPool-14 - Shutdown initiated...
2019-03-04 21:04:27 [http-nio-8080-exec-1] INFO :: HikariPool-14 - Shutdown completed.
2019-03-05 10:17:48 [http-nio-8080-exec-8] INFO :: HikariPool-1 - Starting...
2019-03-05 10:17:48 [http-nio-8080-exec-8] INFO :: HikariPool-1 - Start completed.
2019-03-05 10:17:48 [http-nio-8080-exec-8] INFO :: HikariPool-1 - Shutdown initiated...
2019-03-05 10:17:48 [http-nio-8080-exec-8] INFO :: HikariPool-1 - Shutdown completed.
2019-03-05 10:17:48 [http-nio-8080-exec-8] INFO :: HikariPool-2 - Starting...
2019-03-05 10:17:48 [http-nio-8080-exec-8] INFO :: HikariPool-2 - Start completed.
2019-03-05 10:17:48 [http-nio-8080-exec-8] INFO :: HikariPool-2 - Shutdown initiated...
2019-03-05 10:17:48 [http-nio-8080-exec-8] INFO :: HikariPool-2 - Shutdown completed.
2019-03-05 10:17:52 [http-nio-8080-exec-5] INFO :: HikariPool-3 - Starting...
2019-03-05 10:17:52 [http-nio-8080-exec-5] INFO :: HikariPool-3 - Start completed.
2019-03-05 10:17:52 [http-nio-8080-exec-5] INFO :: HikariPool-3 - Shutdown initiated...
2019-03-05 10:17:52 [http-nio-8080-exec-5] INFO :: HikariPool-3 - Shutdown completed.
2019-03-05 10:18:38 [http-nio-8080-exec-2] INFO :: HikariPool-1 - Starting...
2019-03-05 10:18:38 [http-nio-8080-exec-2] INFO :: HikariPool-1 - Start completed.
2019-03-05 10:18:38 [http-nio-8080-exec-2] INFO :: HikariPool-1 - Shutdown initiated...
2019-03-05 10:18:38 [http-nio-8080-exec-2] INFO :: HikariPool-1 - Shutdown completed.
2019-03-05 10:18:38 [http-nio-8080-exec-2] INFO :: HikariPool-2 - Starting...
2019-03-05 10:18:38 [http-nio-8080-exec-2] INFO :: HikariPool-2 - Start completed.
2019-03-05 10:18:38 [http-nio-8080-exec-2] INFO :: HikariPool-2 - Shutdown initiated...
2019-03-05 10:18:38 [http-nio-8080-exec-2] INFO :: HikariPool-2 - Shutdown completed.
2019-03-05 10:18:45 [http-nio-8080-exec-4] INFO :: HikariPool-3 - Starting...
2019-03-05 10:18:45 [http-nio-8080-exec-4] INFO :: HikariPool-3 - Start completed.
2019-03-05 10:18:45 [http-nio-8080-exec-4] INFO :: HikariPool-3 - Shutdown initiated...
2019-03-05 10:18:45 [http-nio-8080-exec-4] INFO :: HikariPool-3 - Shutdown completed.
2019-03-05 10:18:45 [http-nio-8080-exec-4] INFO :: HikariPool-4 - Starting...
2019-03-05 10:18:45 [http-nio-8080-exec-4] INFO :: HikariPool-4 - Start completed.
2019-03-05 10:18:45 [http-nio-8080-exec-4] INFO :: HikariPool-4 - Shutdown initiated...
2019-03-05 10:18:45 [http-nio-8080-exec-4] INFO :: HikariPool-4 - Shutdown completed.
2019-03-05 10:18:45 [http-nio-8080-exec-4] INFO :: HikariPool-5 - Starting...
2019-03-05 10:18:45 [http-nio-8080-exec-4] INFO :: HikariPool-5 - Start completed.
2019-03-05 10:18:45 [http-nio-8080-exec-4] INFO :: HikariPool-5 - Shutdown initiated...
2019-03-05 10:18:45 [http-nio-8080-exec-4] INFO :: HikariPool-5 - Shutdown completed.
2019-03-05 10:18:50 [http-nio-8080-exec-7] INFO :: HikariPool-6 - Starting...
2019-03-05 10:18:50 [http-nio-8080-exec-7] INFO :: HikariPool-6 - Start completed.
2019-03-05 10:18:50 [http-nio-8080-exec-7] INFO :: HikariPool-6 - Shutdown initiated...
2019-03-05 10:18:50 [http-nio-8080-exec-7] INFO :: HikariPool-6 - Shutdown completed.
2019-03-05 10:20:37 [http-nio-8080-exec-2] INFO :: HikariPool-1 - Starting...
2019-03-05 10:20:37 [http-nio-8080-exec-2] INFO :: HikariPool-1 - Start completed.
2019-03-05 10:20:37 [http-nio-8080-exec-2] INFO :: HikariPool-1 - Shutdown initiated...
2019-03-05 10:20:37 [http-nio-8080-exec-2] INFO :: HikariPool-1 - Shutdown completed.
2019-03-05 10:20:37 [http-nio-8080-exec-2] INFO :: HikariPool-2 - Starting...
2019-03-05 10:20:37 [http-nio-8080-exec-2] INFO :: HikariPool-2 - Start completed.
2019-03-05 10:20:37 [http-nio-8080-exec-2] INFO :: HikariPool-2 - Shutdown initiated...
2019-03-05 10:20:37 [http-nio-8080-exec-2] INFO :: HikariPool-2 - Shutdown completed.
2019-03-05 10:20:41 [http-nio-8080-exec-3] INFO :: HikariPool-3 - Starting...
2019-03-05 10:20:41 [http-nio-8080-exec-3] INFO :: HikariPool-3 - Start completed.
2019-03-05 10:20:41 [http-nio-8080-exec-3] INFO :: HikariPool-3 - Shutdown initiated...
2019-03-05 10:20:41 [http-nio-8080-exec-3] INFO :: HikariPool-3 - Shutdown completed.
2019-03-05 10:20:41 [http-nio-8080-exec-3] INFO :: HikariPool-4 - Starting...
2019-03-05 10:20:41 [http-nio-8080-exec-3] INFO :: HikariPool-4 - Start completed.
2019-03-05 10:20:41 [http-nio-8080-exec-3] INFO :: HikariPool-4 - Shutdown initiated...
2019-03-05 10:20:41 [http-nio-8080-exec-3] INFO :: HikariPool-4 - Shutdown completed.
2019-03-05 10:20:41 [http-nio-8080-exec-3] INFO :: HikariPool-5 - Starting...
2019-03-05 10:20:41 [http-nio-8080-exec-3] INFO :: HikariPool-5 - Start completed.
2019-03-05 10:20:41 [http-nio-8080-exec-3] INFO :: HikariPool-5 - Shutdown initiated...
2019-03-05 10:20:41 [http-nio-8080-exec-3] INFO :: HikariPool-5 - Shutdown completed.
2019-03-05 10:20:45 [http-nio-8080-exec-6] INFO :: HikariPool-6 - Starting...
2019-03-05 10:20:45 [http-nio-8080-exec-6] INFO :: HikariPool-6 - Start completed.
2019-03-05 10:20:45 [http-nio-8080-exec-6] INFO :: HikariPool-6 - Shutdown initiated...
2019-03-05 10:20:45 [http-nio-8080-exec-6] INFO :: HikariPool-6 - Shutdown completed.
2019-03-05 10:21:29 [http-nio-8080-exec-3] INFO :: HikariPool-1 - Starting...
2019-03-05 10:21:29 [http-nio-8080-exec-3] INFO :: HikariPool-1 - Start completed.
2019-03-05 10:21:29 [http-nio-8080-exec-3] INFO :: HikariPool-1 - Shutdown initiated...
2019-03-05 10:21:29 [http-nio-8080-exec-3] INFO :: HikariPool-1 - Shutdown completed.
2019-03-05 10:21:29 [http-nio-8080-exec-3] INFO :: HikariPool-2 - Starting...
2019-03-05 10:21:29 [http-nio-8080-exec-3] INFO :: HikariPool-2 - Start completed.
2019-03-05 10:21:29 [http-nio-8080-exec-3] INFO :: HikariPool-2 - Shutdown initiated...
2019-03-05 10:21:29 [http-nio-8080-exec-3] INFO :: HikariPool-2 - Shutdown completed.
2019-03-05 10:21:33 [http-nio-8080-exec-4] INFO :: HikariPool-3 - Starting...
2019-03-05 10:21:33 [http-nio-8080-exec-4] INFO :: HikariPool-3 - Start completed.
2019-03-05 10:21:33 [http-nio-8080-exec-4] INFO :: HikariPool-3 - Shutdown initiated...
2019-03-05 10:21:33 [http-nio-8080-exec-4] INFO :: HikariPool-3 - Shutdown completed.
2019-03-05 10:21:33 [http-nio-8080-exec-4] INFO :: HikariPool-4 - Starting...
2019-03-05 10:21:33 [http-nio-8080-exec-4] INFO :: HikariPool-4 - Start completed.
2019-03-05 10:21:33 [http-nio-8080-exec-4] INFO :: HikariPool-4 - Shutdown initiated...
2019-03-05 10:21:33 [http-nio-8080-exec-4] INFO :: HikariPool-4 - Shutdown completed.
2019-03-05 10:21:33 [http-nio-8080-exec-4] INFO :: HikariPool-5 - Starting...
2019-03-05 10:21:33 [http-nio-8080-exec-4] INFO :: HikariPool-5 - Start completed.
2019-03-05 10:21:33 [http-nio-8080-exec-4] INFO :: HikariPool-5 - Shutdown initiated...
2019-03-05 10:21:33 [http-nio-8080-exec-4] INFO :: HikariPool-5 - Shutdown completed.
2019-03-05 10:21:35 [http-nio-8080-exec-6] INFO :: HikariPool-6 - Starting...
2019-03-05 10:21:35 [http-nio-8080-exec-6] INFO :: HikariPool-6 - Start completed.
2019-03-05 10:21:35 [http-nio-8080-exec-6] INFO :: HikariPool-6 - Shutdown initiated...
2019-03-05 10:21:35 [http-nio-8080-exec-6] INFO :: HikariPool-6 - Shutdown completed.
2019-03-05 10:24:22 [http-nio-8080-exec-4] INFO :: HikariPool-1 - Starting...
2019-03-05 10:24:23 [http-nio-8080-exec-4] INFO :: HikariPool-1 - Start completed.
2019-03-05 10:24:23 [http-nio-8080-exec-4] INFO :: HikariPool-1 - Shutdown initiated...
2019-03-05 10:24:23 [http-nio-8080-exec-4] INFO :: HikariPool-1 - Shutdown completed.
2019-03-05 10:24:23 [http-nio-8080-exec-4] INFO :: HikariPool-2 - Starting...
2019-03-05 10:24:23 [http-nio-8080-exec-4] INFO :: HikariPool-2 - Start completed.
2019-03-05 10:24:23 [http-nio-8080-exec-4] INFO :: HikariPool-2 - Shutdown initiated...
2019-03-05 10:24:23 [http-nio-8080-exec-4] INFO :: HikariPool-2 - Shutdown completed.
2019-03-05 10:24:26 [http-nio-8080-exec-3] INFO :: HikariPool-3 - Starting...
2019-03-05 10:24:26 [http-nio-8080-exec-3] INFO :: HikariPool-3 - Start completed.
2019-03-05 10:24:26 [http-nio-8080-exec-3] INFO :: HikariPool-3 - Shutdown initiated...
2019-03-05 10:24:26 [http-nio-8080-exec-3] INFO :: HikariPool-3 - Shutdown completed.
2019-03-05 10:24:26 [http-nio-8080-exec-3] INFO :: HikariPool-4 - Starting...
2019-03-05 10:24:26 [http-nio-8080-exec-3] INFO :: HikariPool-4 - Start completed.
2019-03-05 10:24:26 [http-nio-8080-exec-3] INFO :: HikariPool-4 - Shutdown initiated...
2019-03-05 10:24:26 [http-nio-8080-exec-3] INFO :: HikariPool-4 - Shutdown completed.
2019-03-05 10:24:26 [http-nio-8080-exec-3] INFO :: HikariPool-5 - Starting...
2019-03-05 10:24:26 [http-nio-8080-exec-3] INFO :: HikariPool-5 - Start completed.
2019-03-05 10:24:26 [http-nio-8080-exec-3] INFO :: HikariPool-5 - Shutdown initiated...
2019-03-05 10:24:26 [http-nio-8080-exec-3] INFO :: HikariPool-5 - Shutdown completed.
2019-03-05 10:29:44 [http-nio-8080-exec-11] INFO :: HikariPool-6 - Starting...
2019-03-05 10:29:44 [http-nio-8080-exec-11] INFO :: HikariPool-6 - Start completed.
2019-03-05 10:29:44 [http-nio-8080-exec-11] INFO :: HikariPool-6 - Shutdown initiated...
2019-03-05 10:29:44 [http-nio-8080-exec-11] INFO :: HikariPool-6 - Shutdown completed.
2019-03-05 10:29:44 [http-nio-8080-exec-11] INFO :: HikariPool-7 - Starting...
2019-03-05 10:29:44 [http-nio-8080-exec-11] INFO :: HikariPool-7 - Start completed.
2019-03-05 10:29:44 [http-nio-8080-exec-11] INFO :: HikariPool-7 - Shutdown initiated...
2019-03-05 10:29:44 [http-nio-8080-exec-11] INFO :: HikariPool-7 - Shutdown completed.
2019-03-05 10:37:33 [http-nio-8080-exec-4] INFO :: HikariPool-1 - Starting...
2019-03-05 10:37:33 [http-nio-8080-exec-4] INFO :: HikariPool-1 - Start completed.
2019-03-05 10:37:33 [http-nio-8080-exec-4] INFO :: HikariPool-1 - Shutdown initiated...
2019-03-05 10:37:33 [http-nio-8080-exec-4] INFO :: HikariPool-1 - Shutdown completed.
2019-03-05 10:37:33 [http-nio-8080-exec-4] INFO :: HikariPool-2 - Starting...
2019-03-05 10:37:33 [http-nio-8080-exec-4] INFO :: HikariPool-2 - Start completed.
2019-03-05 10:37:33 [http-nio-8080-exec-4] INFO :: HikariPool-2 - Shutdown initiated...
2019-03-05 10:37:33 [http-nio-8080-exec-4] INFO :: HikariPool-2 - Shutdown completed.
2019-03-05 10:37:36 [http-nio-8080-exec-6] INFO :: HikariPool-3 - Starting...
2019-03-05 10:37:36 [http-nio-8080-exec-6] INFO :: HikariPool-3 - Start completed.
2019-03-05 10:37:36 [http-nio-8080-exec-6] INFO :: HikariPool-3 - Shutdown initiated...
2019-03-05 10:37:36 [http-nio-8080-exec-6] INFO :: HikariPool-3 - Shutdown completed.
2019-03-05 10:37:37 [http-nio-8080-exec-7] INFO :: HikariPool-4 - Starting...
2019-03-05 10:37:37 [http-nio-8080-exec-7] INFO :: HikariPool-4 - Start completed.
2019-03-05 10:37:37 [http-nio-8080-exec-7] INFO :: HikariPool-4 - Shutdown initiated...
2019-03-05 10:37:37 [http-nio-8080-exec-7] INFO :: HikariPool-4 - Shutdown completed.
2019-03-05 10:37:39 [http-nio-8080-exec-8] INFO :: HikariPool-5 - Starting...
2019-03-05 10:37:39 [http-nio-8080-exec-8] INFO :: HikariPool-5 - Start completed.
2019-03-05 10:37:39 [http-nio-8080-exec-8] INFO :: HikariPool-5 - Shutdown initiated...
2019-03-05 10:37:39 [http-nio-8080-exec-8] INFO :: HikariPool-5 - Shutdown completed.
2019-03-05 10:37:39 [http-nio-8080-exec-8] INFO :: HikariPool-6 - Starting...
2019-03-05 10:37:39 [http-nio-8080-exec-8] INFO :: HikariPool-6 - Start completed.
2019-03-05 10:37:39 [http-nio-8080-exec-8] INFO :: HikariPool-6 - Shutdown initiated...
2019-03-05 10:37:39 [http-nio-8080-exec-8] INFO :: HikariPool-6 - Shutdown completed.
2019-03-05 10:37:52 [http-nio-8080-exec-2] INFO :: HikariPool-1 - Starting...
2019-03-05 10:37:53 [http-nio-8080-exec-2] INFO :: HikariPool-1 - Start completed.
2019-03-05 10:37:53 [http-nio-8080-exec-2] INFO :: HikariPool-1 - Shutdown initiated...
2019-03-05 10:37:53 [http-nio-8080-exec-2] INFO :: HikariPool-1 - Shutdown completed.
2019-03-05 10:37:53 [http-nio-8080-exec-2] INFO :: HikariPool-2 - Starting...
2019-03-05 10:37:53 [http-nio-8080-exec-2] INFO :: HikariPool-2 - Start completed.
2019-03-05 10:37:53 [http-nio-8080-exec-2] INFO :: HikariPool-2 - Shutdown initiated...
2019-03-05 10:37:53 [http-nio-8080-exec-2] INFO :: HikariPool-2 - Shutdown completed.
2019-03-05 10:37:57 [http-nio-8080-exec-3] INFO :: HikariPool-3 - Starting...
2019-03-05 10:37:57 [http-nio-8080-exec-3] INFO :: HikariPool-3 - Start completed.
2019-03-05 10:37:57 [http-nio-8080-exec-3] INFO :: HikariPool-3 - Shutdown initiated...
2019-03-05 10:37:57 [http-nio-8080-exec-3] INFO :: HikariPool-3 - Shutdown completed.
2019-03-05 10:37:57 [http-nio-8080-exec-3] INFO :: HikariPool-4 - Starting...
2019-03-05 10:37:57 [http-nio-8080-exec-3] INFO :: HikariPool-4 - Start completed.
2019-03-05 10:37:57 [http-nio-8080-exec-3] INFO :: HikariPool-4 - Shutdown initiated...
2019-03-05 10:37:57 [http-nio-8080-exec-3] INFO :: HikariPool-4 - Shutdown completed.
2019-03-05 10:38:08 [http-nio-8080-exec-5] INFO :: HikariPool-5 - Starting...
2019-03-05 10:38:08 [http-nio-8080-exec-5] INFO :: HikariPool-5 - Start completed.
2019-03-05 10:38:08 [http-nio-8080-exec-5] INFO :: HikariPool-5 - Shutdown initiated...
2019-03-05 10:38:08 [http-nio-8080-exec-5] INFO :: HikariPool-5 - Shutdown completed.
2019-03-05 10:38:08 [http-nio-8080-exec-5] INFO :: HikariPool-6 - Starting...
2019-03-05 10:38:08 [http-nio-8080-exec-5] INFO :: HikariPool-6 - Start completed.
2019-03-05 10:38:08 [http-nio-8080-exec-5] INFO :: HikariPool-6 - Shutdown initiated...
2019-03-05 10:38:08 [http-nio-8080-exec-5] INFO :: HikariPool-6 - Shutdown completed.
2019-03-05 10:38:08 [http-nio-8080-exec-5] INFO :: HikariPool-7 - Starting...
2019-03-05 10:38:08 [http-nio-8080-exec-5] INFO :: HikariPool-7 - Start completed.
2019-03-05 10:38:08 [http-nio-8080-exec-5] INFO :: HikariPool-7 - Shutdown initiated...
2019-03-05 10:38:08 [http-nio-8080-exec-5] INFO :: HikariPool-7 - Shutdown completed.
2019-03-05 10:38:14 [http-nio-8080-exec-7] INFO :: HikariPool-8 - Starting...
2019-03-05 10:38:14 [http-nio-8080-exec-7] INFO :: HikariPool-8 - Start completed.
2019-03-05 10:38:14 [http-nio-8080-exec-7] INFO :: HikariPool-8 - Shutdown initiated...
2019-03-05 10:38:14 [http-nio-8080-exec-7] INFO :: HikariPool-8 - Shutdown completed.
2019-03-05 10:38:14 [http-nio-8080-exec-7] INFO :: HikariPool-9 - Starting...
2019-03-05 10:38:14 [http-nio-8080-exec-7] INFO :: HikariPool-9 - Start completed.
2019-03-05 10:38:14 [http-nio-8080-exec-7] INFO :: HikariPool-9 - Shutdown initiated...
2019-03-05 10:38:14 [http-nio-8080-exec-7] INFO :: HikariPool-9 - Shutdown completed.
2019-03-05 10:38:14 [http-nio-8080-exec-7] INFO :: HikariPool-10 - Starting...
2019-03-05 10:38:14 [http-nio-8080-exec-7] INFO :: HikariPool-10 - Start completed.
2019-03-05 10:38:14 [http-nio-8080-exec-7] INFO :: HikariPool-10 - Shutdown initiated...
2019-03-05 10:38:14 [http-nio-8080-exec-7] INFO :: HikariPool-10 - Shutdown completed.
2019-03-05 10:38:25 [http-nio-8080-exec-9] INFO :: HikariPool-11 - Starting...
2019-03-05 10:38:25 [http-nio-8080-exec-9] INFO :: HikariPool-11 - Start completed.
2019-03-05 10:38:25 [http-nio-8080-exec-9] INFO :: HikariPool-11 - Shutdown initiated...
2019-03-05 10:38:25 [http-nio-8080-exec-9] INFO :: HikariPool-11 - Shutdown completed.
2019-03-05 10:38:25 [http-nio-8080-exec-9] INFO :: HikariPool-12 - Starting...
2019-03-05 10:38:25 [http-nio-8080-exec-9] INFO :: HikariPool-12 - Start completed.
2019-03-05 10:38:25 [http-nio-8080-exec-9] INFO :: HikariPool-12 - Shutdown initiated...
2019-03-05 10:38:25 [http-nio-8080-exec-9] INFO :: HikariPool-12 - Shutdown completed.
2019-03-05 11:29:30 [http-nio-8080-exec-11] INFO :: HikariPool-13 - Starting...
2019-03-05 11:29:30 [http-nio-8080-exec-11] INFO :: HikariPool-13 - Start completed.
2019-03-05 11:29:30 [http-nio-8080-exec-11] INFO :: HikariPool-13 - Shutdown initiated...
2019-03-05 11:29:30 [http-nio-8080-exec-11] INFO :: HikariPool-13 - Shutdown completed.
2019-03-05 11:29:30 [http-nio-8080-exec-11] INFO :: HikariPool-14 - Starting...
2019-03-05 11:29:30 [http-nio-8080-exec-11] INFO :: HikariPool-14 - Start completed.
2019-03-05 11:29:30 [http-nio-8080-exec-11] INFO :: HikariPool-14 - Shutdown initiated...
2019-03-05 11:29:30 [http-nio-8080-exec-11] INFO :: HikariPool-14 - Shutdown completed.
